# JRE version: Java(TM) SE Runtime Environment (10.0.2+13) (build 10.0.2+13)
# Java VM: Java HotSpot(TM) 64-Bit Server VM (10.0.2+13, mixed mode, tiered, compressed oops, g1 gc, windows-amd64)
Heap:
 garbage-first heap   total 283648K, used 258335K [0x00000006c1200000, 0x00000007c0000000)
  region size 1024K, 3 young (3072K), 1 survivors (1024K)
 Metaspace       used 43008K, capacity 43457K, committed 44160K, reserved 1089536K
  class space    used 3615K, capacity 3855K, committed 3968K, reserved 1048576K
GC Heap History (10 events):
Event: 4539.977 GC heap before
{Heap before GC invocations=5427 (full 0):
 garbage-first heap   total 283648K, used 269444K [0x00000006c1200000, 0x00000007c0000000)
  region size 1024K, 13 young (13312K), 1 survivors (1024K)
 Metaspace       used 43008K, capacity 43457K, committed 44160K, reserved 1089536K
  class space    used 3615K, capacity 3855K, committed 3968K, reserved 1048576K
}
Event: 4539.978 GC heap after
{Heap after GC invocations=5428 (full 0):
 garbage-first heap   total 283648K, used 257203K [0x00000006c1200000, 0x00000007c0000000)
  region size 1024K, 1 young (1024K), 1 survivors (1024K)
 Metaspace       used 43008K, capacity 43457K, committed 44160K, reserved 1089536K
  class space    used 3615K, capacity 3855K, committed 3968K, reserved 1048576K
}
Event: 4540.330 GC heap before
{Heap before GC invocations=5429 (full 0):
 garbage-first heap   total 283648K, used 269491K [0x00000006c1200000, 0x00000007c0000000)
  region size 1024K, 13 young (13312K), 1 survivors (1024K)
 Metaspace       used 43008K, capacity 43457K, committed 44160K, reserved 1089536K
  class space    used 3615K, capacity 3855K, committed 3968K, reserved 1048576K
}
Event: 4540.331 GC heap after
{Heap after GC invocations=5430 (full 0):
 garbage-first heap   total 283648K, used 257288K [0x00000006c1200000, 0x00000007c0000000)
  region size 1024K, 1 young (1024K), 1 survivors (1024K)
 Metaspace       used 43008K, capacity 43457K, committed 44160K, reserved 1089536K
  class space    used 3615K, capacity 3855K, committed 3968K, reserved 1048576K
}
Event: 4540.646 GC heap before
{Heap before GC invocations=5430 (full 0):
 garbage-first heap   total 283648K, used 269576K [0x00000006c1200000, 0x00000007c0000000)
  region size 1024K, 13 young (13312K), 1 survivors (1024K)
 Metaspace       used 43008K, capacity 43457K, committed 44160K, reserved 1089536K
  class space    used 3615K, capacity 3855K, committed 3968K, reserved 1048576K
}
Event: 4540.648 GC heap after
{Heap after GC invocations=5431 (full 0):
 garbage-first heap   total 283648K, used 257273K [0x00000006c1200000, 0x00000007c0000000)
  region size 1024K, 1 young (1024K), 1 survivors (1024K)
 Metaspace       used 43008K, capacity 43457K, committed 44160K, reserved 1089536K
  class space    used 3615K, capacity 3855K, committed 3968K, reserved 1048576K
}
Event: 4540.913 GC heap before
{Heap before GC invocations=5432 (full 0):
 garbage-first heap   total 283648K, used 269561K [0x00000006c1200000, 0x00000007c0000000)
  region size 1024K, 13 young (13312K), 1 survivors (1024K)
 Metaspace       used 43008K, capacity 43457K, committed 44160K, reserved 1089536K
  class space    used 3615K, capacity 3855K, committed 3968K, reserved 1048576K
}
Event: 4540.913 GC heap after
{Heap after GC invocations=5433 (full 0):
 garbage-first heap   total 283648K, used 257254K [0x00000006c1200000, 0x00000007c0000000)
  region size 1024K, 1 young (1024K), 1 survivors (1024K)
 Metaspace       used 43008K, capacity 43457K, committed 44160K, reserved 1089536K
  class space    used 3615K, capacity 3855K, committed 3968K, reserved 1048576K
}
Event: 4541.209 GC heap before
{Heap before GC invocations=5433 (full 0):
 garbage-first heap   total 283648K, used 269542K [0x00000006c1200000, 0x00000007c0000000)
  region size 1024K, 13 young (13312K), 1 survivors (1024K)
 Metaspace       used 43008K, capacity 43457K, committed 44160K, reserved 1089536K
  class space    used 3615K, capacity 3855K, committed 3968K, reserved 1048576K
}
Event: 4541.211 GC heap after
{Heap after GC invocations=5434 (full 0):
 garbage-first heap   total 283648K, used 257311K [0x00000006c1200000, 0x00000007c0000000)
  region size 1024K, 1 young (1024K), 1 survivors (1024K)
 Metaspace       used 43008K, capacity 43457K, committed 44160K, reserved 1089536K
  class space    used 3615K, capacity 3855K, committed 3968K, reserved 1048576K
}

